<?xml version="1.0" encoding="UTF-8"?>
<!-- Generated by org.testng.reporters.JUnitXMLReporter -->
<testsuite hostname="DAVUTs-MacBook-Pro.local" ignored="1" name="Test" tests="4" failures="2" timestamp="2020-01-12T14:46:57 EST" time="11.439" errors="0">
  <testcase name="validationOfMessage" time="0.237" classname="com.class2.HW"/>
  <testcase name="logoAndLogin" time="2.223" classname="com.class2.SoftAssertionDemo">
    <failure type="java.lang.AssertionError" message="The following asserts failed:
	Logo is NOT displayed did not expect to find [true] but found [false]">
      <![CDATA[java.lang.AssertionError: The following asserts failed:
Logo is NOT displayed did not expect to find [true] but found [false]
at com.class2.SoftAssertionDemo.logoAndLogin(SoftAssertionDemo.java:42)
at java.util.ArrayList.forEach(ArrayList.java:1257)
... Removed 29 stack frames]]>
    </failure>
  </testcase> <!-- logoAndLogin -->
  <testcase name="logoValidation" time="0.034" classname="com.class2.AssertionsDemo"/>
  <testcase name="titleValidation" time="0.008" classname="com.class2.AssertionsDemo">
    <failure type="java.lang.AssertionError" message="Titles are NOT matched expected [Human Management Systems] but found [Human Management System]">
      <![CDATA[java.lang.AssertionError: Titles are NOT matched expected [Human Management Systems] but found [Human Management System]
at com.class2.AssertionsDemo.titleValidation(AssertionsDemo.java:21)
at java.util.ArrayList.forEach(ArrayList.java:1257)
... Removed 31 stack frames]]>
    </failure>
  </testcase> <!-- titleValidation -->
  <testcase name="validationOfLogo" time="0.0" classname="com.class2.HW">
    <ignored/>
  </testcase> <!-- validationOfLogo -->
</testsuite> <!-- Test -->
